#
# A fatal error has been detected by the Java Runtime Environment:
#
#  Internal Error (javaCalls.cpp:51), pid=3320, tid=0x00000df8
#  guarantee(thread->is_Java_thread()) failed: crucial check - the VM thread cannot and must not escape to Java code
#
# JRE version: Java(TM) SE Runtime Environment (8.0_271-b09) (build 1.8.0_271-b09)
# Java VM: Java HotSpot(TM) Client VM (25.271-b09 mixed mode windows-x86 )
# Failed to write core dump. Minidumps are not enabled by default on client versions of Windows
#
# If you would like to submit a bug report, please visit:
#   http://bugreport.java.com/bugreport/crash.jsp
#

---------------  T H R E A D  ---------------

Current thread (0x0105f800):  VMThread [stack: 0x14f50000,0x14fa0000] [id=3576]

Stack: [0x14f50000,0x14fa0000],  sp=0x14f9f19c,  free space=316k
Native frames: (J=compiled Java code, j=interpreted, Vv=VM code, C=native code)
V  [jvm.dll+0x1b8d2e]
V  [jvm.dll+0x1b1181]
V  [jvm.dll+0x165865]
V  [jvm.dll+0x165d9c]
V  [jvm.dll+0x236b5b]
V  [jvm.dll+0x1661a6]
V  [jvm.dll+0x1b1d87]
V  [jvm.dll+0x1b1f03]
V  [jvm.dll+0x1b1fdd]
V  [jvm.dll+0xba78a]
V  [jvm.dll+0xb7552]
V  [jvm.dll+0xb6d57]
V  [jvm.dll+0xb630a]
V  [jvm.dll+0x8a397]
V  [jvm.dll+0x8ad5c]
V  [jvm.dll+0xc03c7]
V  [jvm.dll+0xd37fd]
V  [jvm.dll+0x128aac]
V  [jvm.dll+0x190a19]
V  [jvm.dll+0x18f528]
V  [jvm.dll+0x18fc19]
V  [jvm.dll+0x18fed2]
V  [jvm.dll+0x1cfa9b]
C  [ucrtbase.dll+0x44f9f]
C  [KERNEL32.DLL+0x1fa29]
C  [ntdll.dll+0x67a7e]
C  [ntdll.dll+0x67a4e]

VM_Operation (0x1580f818): GetOrSetLocal, mode: safepoint, requested by thread 0x151b6000


---------------  P R O C E S S  ---------------

Java Threads: ( => current thread )
  0x1b994400 JavaThread "Thread-6" [_thread_in_native, id=15072, stack(0x16770000,0x167c0000)]
  0x1bc5a400 JavaThread "Thread-5" [_thread_blocked, id=8644, stack(0x166e0000,0x16730000)]
  0x1bc5b800 JavaThread "Thread-3" [_thread_in_native, id=7312, stack(0x20570000,0x205c0000)]
  0x1bc5b000 JavaThread "TimerQueue" daemon [_thread_blocked, id=14088, stack(0x203e0000,0x20430000)]
  0x1bafd800 JavaThread "Swing-Shell" daemon [_thread_blocked, id=9820, stack(0x1e6d0000,0x1e720000)]
  0x1b91dc00 JavaThread "D3D Screen Updater" daemon [_thread_blocked, id=11344, stack(0x1e340000,0x1e390000)]
  0x00fae800 JavaThread "DestroyJavaVM" [_thread_blocked, id=4012, stack(0x028e0000,0x02930000)]
  0x15d7ec00 JavaThread "AWT-EventQueue-0" [_thread_blocked, id=13916, stack(0x17560000,0x175b0000)]
  0x15d61000 JavaThread "AWT-Windows" daemon [_thread_in_native, id=12876, stack(0x164b0000,0x16500000)]
  0x15d5f800 JavaThread "AWT-Shutdown" [_thread_blocked, id=8812, stack(0x16420000,0x16470000)]
  0x15d5c400 JavaThread "Java2D Disposer" daemon [_thread_blocked, id=13856, stack(0x16390000,0x163e0000)]
  0x15a2fc00 JavaThread "Service Thread" daemon [_thread_blocked, id=12272, stack(0x15c00000,0x15c50000)]
  0x15a0c400 JavaThread "C1 CompilerThread0" daemon [_thread_blocked, id=7480, stack(0x15b70000,0x15bc0000)]
  0x151c2c00 JavaThread "JDWP Command Reader" daemon [_thread_in_native, id=4200, stack(0x158e0000,0x15930000)]
  0x151b7c00 JavaThread "JDWP Event Helper Thread" daemon [_thread_blocked, id=4776, stack(0x15850000,0x158a0000)]
  0x151b6000 JavaThread "JDWP Transport Listener: dt_socket" daemon [_thread_blocked, id=1204, stack(0x157c0000,0x15810000)]
  0x0107dc00 JavaThread "Attach Listener" daemon [_thread_blocked, id=7516, stack(0x153f0000,0x15440000)]
  0x0107c000 JavaThread "Signal Dispatcher" daemon [_thread_blocked, id=11156, stack(0x15360000,0x153b0000)]
  0x1519f400 JavaThread "Finalizer" daemon [_thread_blocked, id=13088, stack(0x15070000,0x150c0000)]
  0x01067400 JavaThread "Reference Handler" daemon [_thread_blocked, id=9260, stack(0x14fe0000,0x15030000)]

Other Threads:
=>0x0105f800 VMThread [stack: 0x14f50000,0x14fa0000] [id=3576]
  0x15a07000 WatcherThread [stack: 0x15c90000,0x15ce0000] [id=7120]

VM state:at safepoint (normal execution)

VM Mutex/Monitor currently owned by a thread:  ([mutex/lock_event])
[0x00facc28] Threads_lock - owner thread: 0x0105f800

Heap:
 def new generation   total 7808K, used 3154K [0x04a00000, 0x05270000, 0x09f50000)
  eden space 6976K,  38% used [0x04a00000, 0x04ca3680, 0x050d0000)
  from space 832K,  54% used [0x050d0000, 0x05141380, 0x051a0000)
  to   space 832K,   0% used [0x051a0000, 0x051a0000, 0x05270000)
 tenured generation   total 17152K, used 12728K [0x09f50000, 0x0b010000, 0x14a00000)
   the space 17152K,  74% used [0x09f50000, 0x0abbe368, 0x0abbe400, 0x0b010000)
 Metaspace       used 14312K, capacity 14562K, committed 14592K, reserved 14720K

Card table byte_map: [0x14a00000,0x14a90000] byte_map_base: 0x149db000

Polling page: 0x010f0000

CodeCache: size=32768Kb used=3480Kb max_used=3480Kb free=29288Kb
 bounds [0x02940000, 0x02ca8000, 0x04940000]
 total_blobs=2015 nmethods=1781 adapters=172
 compilation: enabled

Compilation events (10 events):
Event: 131.814 Thread 0x15a0c400 1797             sun.awt.AWTAutoShutdown::isReadyToShutdown (37 bytes)
Event: 131.814 Thread 0x15a0c400 nmethod 1797 0x02ca5348 code [0x02ca5450, 0x02ca5548]
Event: 137.832 Thread 0x15a0c400 1799             java.awt.GridBagLayout::calculateBaseline (211 bytes)
Event: 137.833 Thread 0x15a0c400 nmethod 1799 0x02ca5848 code [0x02ca5970, 0x02ca5c04]
Event: 144.868 Thread 0x15a0c400 1800             sun.java2d.pipe.Region::isEmpty (28 bytes)
Event: 144.868 Thread 0x15a0c400 nmethod 1800 0x02ca5e48 code [0x02ca5f40, 0x02ca5ff0]
Event: 164.037 Thread 0x15a0c400 1802             javax.swing.RepaintManager::isDoubleBufferingEnabled (5 bytes)
Event: 164.037 Thread 0x15a0c400 nmethod 1802 0x02c82bc8 code [0x02c82cc0, 0x02c82d40]
Event: 166.041 Thread 0x15a0c400 1803             sun.java2d.pipe.Region::clipScale (41 bytes)
Event: 166.041 Thread 0x15a0c400 nmethod 1803 0x02ca62c8 code [0x02ca6400, 0x02ca650c]

GC Heap History (10 events):
Event: 51.029 GC heap before
{Heap before GC invocations=39 (full 8):
 def new generation   total 7808K, used 7628K [0x04a00000, 0x05270000, 0x09f50000)
  eden space 6976K, 100% used [0x04a00000, 0x050d0000, 0x050d0000)
  from space 832K,  78% used [0x051a0000, 0x05243198, 0x05270000)
  to   space 832K,   0% used [0x050d0000, 0x050d0000, 0x051a0000)
 tenured generation   total 17152K, used 10616K [0x09f50000, 0x0b010000, 0x14a00000)
   the space 17152K,  61% used [0x09f50000, 0x0a9ae0e0, 0x0a9ae200, 0x0b010000)
 Metaspace       used 13953K, capacity 14207K, committed 14336K, reserved 14720K
Event: 51.034 GC heap after
Heap after GC invocations=40 (full 8):
 def new generation   total 7808K, used 530K [0x04a00000, 0x05270000, 0x09f50000)
  eden space 6976K,   0% used [0x04a00000, 0x04a00000, 0x050d0000)
  from space 832K,  63% used [0x050d0000, 0x05154a38, 0x051a0000)
  to   space 832K,   0% used [0x051a0000, 0x051a0000, 0x05270000)
 tenured generation   total 17152K, used 11063K [0x09f50000, 0x0b010000, 0x14a00000)
   the space 17152K,  64% used [0x09f50000, 0x0aa1deb8, 0x0aa1e000, 0x0b010000)
 Metaspace       used 13953K, capacity 14207K, committed 14336K, reserved 14720K
}
Event: 51.280 GC heap before
{Heap before GC invocations=40 (full 8):
 def new generation   total 7808K, used 7506K [0x04a00000, 0x05270000, 0x09f50000)
  eden space 6976K, 100% used [0x04a00000, 0x050d0000, 0x050d0000)
  from space 832K,  63% used [0x050d0000, 0x05154a38, 0x051a0000)
  to   space 832K,   0% used [0x051a0000, 0x051a0000, 0x05270000)
 tenured generation   total 17152K, used 11063K [0x09f50000, 0x0b010000, 0x14a00000)
   the space 17152K,  64% used [0x09f50000, 0x0aa1deb8, 0x0aa1e000, 0x0b010000)
 Metaspace       used 14069K, capacity 14335K, committed 14464K, reserved 14720K
Event: 51.285 GC heap after
Heap after GC invocations=41 (full 8):
 def new generation   total 7808K, used 832K [0x04a00000, 0x05270000, 0x09f50000)
  eden space 6976K,   0% used [0x04a00000, 0x04a00000, 0x050d0000)
  from space 832K, 100% used [0x051a0000, 0x05270000, 0x05270000)
  to   space 832K,   0% used [0x050d0000, 0x050d0000, 0x051a0000)
 tenured generation   total 17152K, used 11558K [0x09f50000, 0x0b010000, 0x14a00000)
   the space 17152K,  67% used [0x09f50000, 0x0aa99a48, 0x0aa99c00, 0x0b010000)
 Metaspace       used 14069K, capacity 14335K, committed 14464K, reserved 14720K
}
Event: 51.362 GC heap before
{Heap before GC invocations=41 (full 8):
 def new generation   total 7808K, used 7808K [0x04a00000, 0x05270000, 0x09f50000)
  eden space 6976K, 100% used [0x04a00000, 0x050d0000, 0x050d0000)
  from space 832K, 100% used [0x051a0000, 0x05270000, 0x05270000)
  to   space 832K,   0% used [0x050d0000, 0x050d0000, 0x051a0000)
 tenured generation   total 17152K, used 11558K [0x09f50000, 0x0b010000, 0x14a00000)
   the space 17152K,  67% used [0x09f50000, 0x0aa99a48, 0x0aa99c00, 0x0b010000)
 Metaspace       used 14069K, capacity 14335K, committed 14464K, reserved 14720K
Event: 51.365 GC heap after
Heap after GC invocations=42 (full 8):
 def new generation   total 7808K, used 171K [0x04a00000, 0x05270000, 0x09f50000)
  eden space 6976K,   0% used [0x04a00000, 0x04a00000, 0x050d0000)
  from space 832K,  20% used [0x050d0000, 0x050fae38, 0x051a0000)
  to   space 832K,   0% used [0x051a0000, 0x051a0000, 0x05270000)
 tenured generation   total 17152K, used 12268K [0x09f50000, 0x0b010000, 0x14a00000)
   the space 17152K,  71% used [0x09f50000, 0x0ab4b150, 0x0ab4b200, 0x0b010000)
 Metaspace       used 14069K, capacity 14335K, committed 14464K, reserved 14720K
}
Event: 52.627 GC heap before
{Heap before GC invocations=42 (full 8):
 def new generation   total 7808K, used 7147K [0x04a00000, 0x05270000, 0x09f50000)
  eden space 6976K, 100% used [0x04a00000, 0x050d0000, 0x050d0000)
  from space 832K,  20% used [0x050d0000, 0x050fae38, 0x051a0000)
  to   space 832K,   0% used [0x051a0000, 0x051a0000, 0x05270000)
 tenured generation   total 17152K, used 12268K [0x09f50000, 0x0b010000, 0x14a00000)
   the space 17152K,  71% used [0x09f50000, 0x0ab4b150, 0x0ab4b200, 0x0b010000)
 Metaspace       used 14220K, capacity 14463K, committed 14592K, reserved 14720K
Event: 52.631 GC heap after
Heap after GC invocations=43 (full 8):
 def new generation   total 7808K, used 740K [0x04a00000, 0x05270000, 0x09f50000)
  eden space 6976K,   0% used [0x04a00000, 0x04a00000, 0x050d0000)
  from space 832K,  89% used [0x051a0000, 0x052592e8, 0x05270000)
  to   space 832K,   0% used [0x050d0000, 0x050d0000, 0x051a0000)
 tenured generation   total 17152K, used 12268K [0x09f50000, 0x0b010000, 0x14a00000)
   the space 17152K,  71% used [0x09f50000, 0x0ab4b150, 0x0ab4b200, 0x0b010000)
 Metaspace       used 14220K, capacity 14463K, committed 14592K, reserved 14720K
}
Event: 60.286 GC heap before
{Heap before GC invocations=43 (full 8):
 def new generation   total 7808K, used 7716K [0x04a00000, 0x05270000, 0x09f50000)
  eden space 6976K, 100% used [0x04a00000, 0x050d0000, 0x050d0000)
  from space 832K,  89% used [0x051a0000, 0x052592e8, 0x05270000)
  to   space 832K,   0% used [0x050d0000, 0x050d0000, 0x051a0000)
 tenured generation   total 17152K, used 12268K [0x09f50000, 0x0b010000, 0x14a00000)
   the space 17152K,  71% used [0x09f50000, 0x0ab4b150, 0x0ab4b200, 0x0b010000)
 Metaspace       used 14285K, capacity 14527K, committed 14592K, reserved 14720K
Event: 60.289 GC heap after
Heap after GC invocations=44 (full 8):
 def new generation   total 7808K, used 452K [0x04a00000, 0x05270000, 0x09f50000)
  eden space 6976K,   0% used [0x04a00000, 0x04a00000, 0x050d0000)
  from space 832K,  54% used [0x050d0000, 0x05141380, 0x051a0000)
  to   space 832K,   0% used [0x051a0000, 0x051a0000, 0x05270000)
 tenured generation   total 17152K, used 12728K [0x09f50000, 0x0b010000, 0x14a00000)
   the space 17152K,  74% used [0x09f50000, 0x0abbe368, 0x0abbe400, 0x0b010000)
 Metaspace       used 14285K, capacity 14527K, committed 14592K, reserved 14720K
}

Deoptimization events (0 events):
No events

Classes redefined (2 events):
Event: 143.760 Thread 0x0105f800 redefined class name=acide.process.console.AcideConsoleOutputProcess, count=1
Event: 169.037 Thread 0x0105f800 redefined class name=acide.process.console.AcideConsoleOutputProcess, count=2

Internal exceptions (10 events):
Event: 2.272 Thread 0x15d80c00 Exception <a 'java/io/FileNotFoundException'> (0x04c428e8) thrown at [C:\jenkins\workspace\8-2-build-windows-i586-cygwin\jdk8u271\605\hotspot\src\share\vm\prims\jni.cpp, line 710]
Event: 2.300 Thread 0x15d80c00 Exception <a 'java/io/FileNotFoundException'> (0x04dba538) thrown at [C:\jenkins\workspace\8-2-build-windows-i586-cygwin\jdk8u271\605\hotspot\src\share\vm\prims\jni.cpp, line 710]
Event: 2.301 Thread 0x1bad7800 Exception <a 'java/io/FileNotFoundException'> (0x04dc6498) thrown at [C:\jenkins\workspace\8-2-build-windows-i586-cygwin\jdk8u271\605\hotspot\src\share\vm\prims\jni.cpp, line 710]
Event: 2.564 Thread 0x1bad7800 Exception <a 'java/io/FileNotFoundException'> (0x04c88608) thrown at [C:\jenkins\workspace\8-2-build-windows-i586-cygwin\jdk8u271\605\hotspot\src\share\vm\prims\jni.cpp, line 710]
Event: 2.864 Thread 0x15d7ec00 Exception <a 'java/lang/ClassCastException': java.lang.String cannot be cast to acide.files.project.AcideProjectFile> (0x04b5b430) thrown at [C:\jenkins\workspace\8-2-build-windows-i586-cygwin\jdk8u271\605\hotspot\src\share\vm\interpreter\interpreterRunti
Event: 2.864 Thread 0x15d7ec00 Exception <a 'java/lang/ClassCastException': java.lang.String cannot be cast to acide.files.project.AcideProjectFile> (0x04b5b790) thrown at [C:\jenkins\workspace\8-2-build-windows-i586-cygwin\jdk8u271\605\hotspot\src\share\vm\interpreter\interpreterRunti
Event: 2.883 Thread 0x15d7ec00 Exception <a 'java/lang/NullPointerException'> (0x04c333a8) thrown at [C:\jenkins\workspace\8-2-build-windows-i586-cygwin\jdk8u271\605\hotspot\src\share\vm\interpreter\linkResolver.cpp, line 1185]
Event: 4.303 Thread 0x15d7ec00 Exception <a 'java/io/FileNotFoundException'> (0x04b48fc0) thrown at [C:\jenkins\workspace\8-2-build-windows-i586-cygwin\jdk8u271\605\hotspot\src\share\vm\prims\jni.cpp, line 710]
Event: 50.968 Thread 0x15d7ec00 Implicit null exception at 0x02c044fe to 0x02c046f2
Event: 56.261 Thread 0x15d7ec00 Implicit null exception at 0x02c83bca to 0x02c8568a

Events (10 events):
Event: 169.050 Executing VM operation: ChangeBreakpoints done
Event: 169.056 Executing VM operation: ChangeBreakpoints
Event: 169.057 Executing VM operation: ChangeBreakpoints done
Event: 169.071 Executing VM operation: ChangeBreakpoints
Event: 169.071 Executing VM operation: ChangeBreakpoints done
Event: 169.108 Executing VM operation: GetOwnedMonitorInfo
Event: 169.108 Executing VM operation: GetOwnedMonitorInfo done
Event: 169.108 Executing VM operation: GetCurrentContendedMonitor
Event: 169.108 Executing VM operation: GetCurrentContendedMonitor done
Event: 169.110 Executing VM operation: GetOrSetLocal


Dynamic libraries:
0x00e00000 - 0x00e3f000 	C:\Program Files (x86)\Java\jre1.8.0_271\bin\javaw.exe
0x775d0000 - 0x77773000 	C:\Windows\SYSTEM32\ntdll.dll
0x75a70000 - 0x75b60000 	C:\Windows\System32\KERNEL32.DLL
0x75620000 - 0x75834000 	C:\Windows\System32\KERNELBASE.dll
0x76950000 - 0x769ca000 	C:\Windows\System32\ADVAPI32.dll
0x76ca0000 - 0x76d5f000 	C:\Windows\System32\msvcrt.dll
0x75510000 - 0x75585000 	C:\Windows\System32\sechost.dll
0x759b0000 - 0x75a70000 	C:\Windows\System32\RPCRT4.dll
0x75b80000 - 0x75d16000 	C:\Windows\System32\USER32.dll
0x75b60000 - 0x75b78000 	C:\Windows\System32\win32u.dll
0x75f60000 - 0x75f83000 	C:\Windows\System32\GDI32.dll
0x76870000 - 0x7694c000 	C:\Windows\System32\gdi32full.dll
0x76ec0000 - 0x76f3b000 	C:\Windows\System32\msvcp_win.dll
0x75890000 - 0x759b0000 	C:\Windows\System32\ucrtbase.dll
0x6eee0000 - 0x6f0f0000 	C:\Windows\WinSxS\x86_microsoft.windows.common-controls_6595b64144ccf1df_6.0.19041.844_none_11adecdf30011423\COMCTL32.dll
0x769d0000 - 0x769f5000 	C:\Windows\System32\IMM32.DLL
0x701e0000 - 0x701f3000 	C:\Program Files (x86)\Java\jre1.8.0_271\bin\vcruntime140.dll
0x70170000 - 0x701df000 	C:\Program Files (x86)\Java\jre1.8.0_271\bin\msvcp140.dll
0x5af70000 - 0x5b34f000 	C:\Program Files (x86)\Java\jre1.8.0_271\bin\client\jvm.dll
0x76c90000 - 0x76c96000 	C:\Windows\System32\PSAPI.DLL
0x70160000 - 0x70168000 	C:\Windows\SYSTEM32\WSOCK32.dll
0x742b0000 - 0x742d8000 	C:\Windows\SYSTEM32\WINMM.dll
0x77040000 - 0x770a3000 	C:\Windows\System32\WS2_32.dll
0x73cd0000 - 0x73cd8000 	C:\Windows\SYSTEM32\VERSION.dll
0x74820000 - 0x7482f000 	C:\Windows\SYSTEM32\kernel.appcore.dll
0x70150000 - 0x7015d000 	C:\Program Files (x86)\Java\jre1.8.0_271\bin\verify.dll
0x70120000 - 0x70144000 	C:\Program Files (x86)\Java\jre1.8.0_271\bin\java.dll
0x700f0000 - 0x7011c000 	C:\Program Files (x86)\Java\jre1.8.0_271\bin\jdwp.dll
0x700e0000 - 0x700e7000 	C:\Program Files (x86)\Java\jre1.8.0_271\bin\npt.dll
0x700b0000 - 0x700dc000 	C:\Program Files (x86)\Java\jre1.8.0_271\bin\instrument.dll
0x70090000 - 0x700a4000 	C:\Program Files (x86)\Java\jre1.8.0_271\bin\zip.dll
0x75f90000 - 0x76543000 	C:\Windows\System32\SHELL32.dll
0x71680000 - 0x71c89000 	C:\Windows\SYSTEM32\windows.storage.dll
0x76a00000 - 0x76c82000 	C:\Windows\System32\combase.dll
0x71650000 - 0x71674000 	C:\Windows\SYSTEM32\Wldp.dll
0x75480000 - 0x75507000 	C:\Windows\System32\SHCORE.dll
0x75840000 - 0x75885000 	C:\Windows\System32\shlwapi.dll
0x715a0000 - 0x715b8000 	C:\Windows\SYSTEM32\profapi.dll
0x70080000 - 0x70089000 	C:\Program Files (x86)\Java\jre1.8.0_271\bin\dt_socket.dll
0x702d0000 - 0x702e1000 	C:\Windows\system32\napinsp.dll
0x702b0000 - 0x702c6000 	C:\Windows\system32\pnrpnsp.dll
0x702a0000 - 0x702b0000 	C:\Windows\system32\wshbth.dll
0x70280000 - 0x70296000 	C:\Windows\system32\NLAapi.dll
0x73310000 - 0x73342000 	C:\Windows\SYSTEM32\IPHLPAPI.DLL
0x70640000 - 0x70692000 	C:\Windows\System32\mswsock.dll
0x73270000 - 0x73302000 	C:\Windows\SYSTEM32\DNSAPI.dll
0x75f50000 - 0x75f57000 	C:\Windows\System32\NSI.dll
0x70270000 - 0x7027e000 	C:\Windows\System32\winrnr.dll
0x70200000 - 0x70258000 	C:\Windows\System32\fwpuclnt.dll
0x76f40000 - 0x76f59000 	C:\Windows\System32\bcrypt.dll
0x70260000 - 0x70268000 	C:\Windows\System32\rasadhlp.dll
0x6fc50000 - 0x6fd9b000 	C:\Program Files (x86)\Java\jre1.8.0_271\bin\awt.dll
0x76fa0000 - 0x77036000 	C:\Windows\System32\OLEAUT32.dll
0x6ffe0000 - 0x7007f000 	C:\Windows\SYSTEM32\apphelp.dll
0x731d0000 - 0x73244000 	C:\Windows\system32\uxtheme.dll
0x75e10000 - 0x75ee4000 	C:\Windows\System32\MSCTF.dll
0x75d20000 - 0x75e03000 	C:\Windows\System32\ole32.dll
0x770b0000 - 0x7710d000 	C:\Windows\System32\bcryptPrimitives.dll
0x731a0000 - 0x731c6000 	C:\Windows\system32\DWMAPI.DLL
0x6f8a0000 - 0x6f9a4000 	C:\Windows\system32\opengl32.dll
0x6ffa0000 - 0x6ffdf000 	C:\Windows\SYSTEM32\GLU32.dll
0x6e250000 - 0x6e3df000 	C:\Windows\system32\d3d9.dll
0x6ccd0000 - 0x6cda5000 	C:\Windows\System32\DriverStore\FileRepository\nv_dispi.inf_amd64_1c83a5d7cffd7bff\nvldumd.dll
0x730c0000 - 0x730ce000 	C:\Windows\SYSTEM32\msasn1.dll
0x69a40000 - 0x69a66000 	C:\Windows\SYSTEM32\cryptnet.dll
0x76db0000 - 0x76eb1000 	C:\Windows\System32\CRYPT32.dll
0x71c90000 - 0x71c9a000 	C:\Windows\SYSTEM32\cryptbase.dll
0x76d60000 - 0x76da7000 	C:\Windows\System32\WINTRUST.DLL
0x767f0000 - 0x76809000 	C:\Windows\System32\imagehlp.dll
0x70700000 - 0x70713000 	C:\Windows\SYSTEM32\CRYPTSP.dll
0x706d0000 - 0x706ff000 	C:\Windows\system32\rsaenh.dll
0x582a0000 - 0x598b2000 	C:\Windows\System32\DriverStore\FileRepository\nv_dispi.inf_amd64_1c83a5d7cffd7bff\nvd3dum.dll
0x675e0000 - 0x69a34000 	C:\Windows\SYSTEM32\igdumdim32.dll
0x77120000 - 0x77555000 	C:\Windows\System32\SETUPAPI.dll
0x76f60000 - 0x76f9b000 	C:\Windows\System32\cfgmgr32.dll
0x6f100000 - 0x6f11e000 	C:\Windows\SYSTEM32\gpapi.dll
0x6cca0000 - 0x6cccc000 	C:\Windows\SYSTEM32\dxcore.dll
0x6fc10000 - 0x6fc4d000 	C:\Program Files (x86)\Java\jre1.8.0_271\bin\fontmanager.dll
0x6ff80000 - 0x6ff97000 	C:\Program Files (x86)\Java\jre1.8.0_271\bin\net.dll
0x6ff40000 - 0x6ff4f000 	C:\Program Files (x86)\Java\jre1.8.0_271\bin\nio.dll
0x6fbd0000 - 0x6fc07000 	C:\Program Files (x86)\Java\jre1.8.0_271\bin\t2k.dll
0x6d480000 - 0x6d50d000 	C:\Windows\WinSxS\x86_microsoft.windows.common-controls_6595b64144ccf1df_5.82.19041.844_none_89e26e970b35ab92\comctl32.dll
0x76550000 - 0x765ce000 	C:\Windows\System32\clbcatq.dll
0x6a1b0000 - 0x6a273000 	C:\Windows\system32\propsys.dll
0x6f880000 - 0x6f893000 	C:\Windows\system32\NetworkExplorer.dll
0x67050000 - 0x671c1000 	C:\Windows\SYSTEM32\WindowsCodecs.dll
0x6f830000 - 0x6f879000 	C:\Windows\System32\thumbcache.dll
0x69f40000 - 0x69fc3000 	C:\Windows\SYSTEM32\policymanager.dll
0x6fec0000 - 0x6ff25000 	C:\Windows\SYSTEM32\msvcp110_win.dll
0x73250000 - 0x73269000 	C:\Windows\SYSTEM32\MPR.dll
0x6feb0000 - 0x6feb9000 	C:\Windows\System32\drprov.dll
0x6eb20000 - 0x6eb67000 	C:\Windows\System32\WINSTA.dll
0x6ed30000 - 0x6ed43000 	C:\Windows\System32\ntlanman.dll
0x6ed10000 - 0x6ed29000 	C:\Windows\System32\davclnt.dll
0x6fbc0000 - 0x6fbca000 	C:\Windows\System32\DAVHLPR.dll
0x6f820000 - 0x6f830000 	C:\Windows\System32\wkscli.dll
0x6ed00000 - 0x6ed0e000 	C:\Windows\SYSTEM32\cscapi.dll
0x6ff50000 - 0x6ff5b000 	C:\Windows\System32\netutils.dll
0x6ecb0000 - 0x6ecf6000 	C:\Windows\System32\dlnashext.dll
0x69bf0000 - 0x69c39000 	C:\Windows\System32\PlayToDevice.dll
0x69bd0000 - 0x69beb000 	C:\Windows\System32\DevDispItemProvider.dll
0x6e410000 - 0x6e47b000 	C:\Windows\System32\MMDevApi.dll
0x6e3e0000 - 0x6e404000 	C:\Windows\System32\DEVOBJ.dll
0x69a80000 - 0x69b0c000 	C:\Windows\system32\wpdshext.dll
0x6e9b0000 - 0x6eb1a000 	C:\Windows\WinSxS\x86_microsoft.windows.gdiplus_6595b64144ccf1df_1.1.19041.928_none_429ce31a8a8fefd2\gdiplus.dll
0x66fc0000 - 0x67043000 	C:\Windows\System32\PortableDeviceApi.dll
0x66f80000 - 0x66fc0000 	C:\Windows\system32\audiodev.dll
0x5ad60000 - 0x5af6d000 	C:\Windows\system32\WMVCore.DLL
0x6b760000 - 0x6b866000 	C:\Windows\system32\mfperfhelper.dll
0x66f40000 - 0x66f7d000 	C:\Windows\system32\WMASF.DLL
0x69a70000 - 0x69a7b000 	C:\Windows\SYSTEM32\LINKINFO.dll
0x6fba0000 - 0x6fbaa000 	C:\Windows\SYSTEM32\Secur32.dll
0x706a0000 - 0x706c1000 	C:\Windows\SYSTEM32\SSPICLI.DLL
0x66f20000 - 0x66f35000 	C:\Windows\SYSTEM32\samcli.dll
0x66f00000 - 0x66f1a000 	C:\Windows\SYSTEM32\SAMLIB.dll
0x66ed0000 - 0x66ef9000 	C:\Program Files (x86)\Java\jre1.8.0_271\bin\jpeg.dll
0x6e210000 - 0x6e241000 	C:\Windows\system32\dataexchange.dll
0x6dec0000 - 0x6e0a0000 	C:\Windows\system32\d3d11.dll
0x6e0a0000 - 0x6e204000 	C:\Windows\system32\dcomp.dll
0x6ddf0000 - 0x6deb3000 	C:\Windows\system32\dxgi.dll
0x6dc60000 - 0x6ddef000 	C:\Windows\system32\twinapi.appcore.dll
0x6ebf0000 - 0x6eca9000 	C:\Windows\SYSTEM32\textinputframework.dll
0x6e730000 - 0x6e9ae000 	C:\Windows\System32\CoreUIComponents.dll
0x6e690000 - 0x6e72b000 	C:\Windows\System32\CoreMessaging.dll
0x70720000 - 0x70749000 	C:\Windows\SYSTEM32\ntmarta.dll
0x6c1a0000 - 0x6c27b000 	C:\Windows\SYSTEM32\wintypes.dll
0x6ed50000 - 0x6eed8000 	C:\Windows\SYSTEM32\dbghelp.dll

VM Arguments:
jvm_args: -agentlib:jdwp=transport=dt_socket,suspend=y,address=localhost:58335 -javaagent:C:\Users\Carlos\eclipse\jee-2020-092\eclipse\configuration\org.eclipse.osgi\406\0\.cp\lib\javaagent-shaded.jar -Dfile.encoding=Cp1252 
java_command: acide.main.AcideMain
java_class_path (initial): D:\Documentos\Proyectos Eclipse\AcideTFG\out\production\Acide;D:\Documentos\Proyectos Eclipse\AcideTFG\lib\antlr.jar;D:\Documentos\Proyectos Eclipse\AcideTFG\lib\cglib-nodep-2.1_3.jar;D:\Documentos\Proyectos Eclipse\AcideTFG\lib\dom4j-1.6.1.jar;D:\Documentos\Proyectos Eclipse\AcideTFG\lib\jdom-1.0.jar;D:\Documentos\Proyectos Eclipse\AcideTFG\lib\jide-oss-3.4.0.jar;D:\Documentos\Proyectos Eclipse\AcideTFG\lib\jmock-1.0.1.jar;D:\Documentos\Proyectos Eclipse\AcideTFG\lib\joda-time-1.2.1.jar;D:\Documentos\Proyectos Eclipse\AcideTFG\lib\junit-3.8.1.jar;D:\Documentos\Proyectos Eclipse\AcideTFG\lib\oro-2.0.8.jar;D:\Documentos\Proyectos Eclipse\AcideTFG\lib\stax-1.2.0.jar;D:\Documentos\Proyectos Eclipse\AcideTFG\lib\stax-api-1.0.1.jar;D:\Documentos\Proyectos Eclipse\AcideTFG\lib\xml-writer-0.2.jar;D:\Documentos\Proyectos Eclipse\AcideTFG\lib\xom-1.1.jar;D:\Documentos\Proyectos Eclipse\AcideTFG\lib\xpp3_min-1.1.3.4.O.jar;D:\Documentos\Proyectos Eclipse\AcideTFG\lib\chardet.jar;C:\Users\Carlos\eclipse\jee-2020-092\eclipse\configuration\org.eclipse.osgi\406\0\.cp\lib\javaagent-shaded.jar
Launcher Type: SUN_STANDARD

Environment Variables:
JAVA_HOME=C:\jdk-11
PATH=C:/Users/Carlos/.p2/pool/plugins/org.eclipse.justj.openjdk.hotspot.jre.full.win32.x86_64_14.0.2.v20200815-0932/jre/bin/server;C:/Users/Carlos/.p2/pool/plugins/org.eclipse.justj.openjdk.hotspot.jre.full.win32.x86_64_14.0.2.v20200815-0932/jre/bin;C:\Program Files (x86)\Common Files\Oracle\Java\javapath;C:\Windows\system32;C:\Windows;C:\Windows\System32\Wbem;C:\Windows\System32\WindowsPowerShell\v1.0\;C:\Windows\System32\OpenSSH\;C:\Program Files\nodejs\;C:\Program Files\Git\cmd;C:\Program Files\dotnet\;C:\Users\Carlos\AppData\Local\Microsoft\WindowsApps;C:\Users\Carlos\AppData\Local\Programs\Microsoft VS Code\bin;C:\Users\Carlos\AppData\Roaming\npm;C:\apache-maven-3.6.3\bin;C:\jdk-11\bin;C:\Users\Carlos\.dotnet\tools;C:\Windows\System32;
USERNAME=Carlos
OS=Windows_NT
PROCESSOR_IDENTIFIER=Intel64 Family 6 Model 60 Stepping 3, GenuineIntel



---------------  S Y S T E M  ---------------

OS: Windows 10.0 , 64 bit Build 19041 (10.0.19041.928)

CPU:total 4 (initial active 4) (4 cores per cpu, 1 threads per core) family 6 model 60 stepping 3, cmov, cx8, fxsr, mmx, sse, sse2, sse3, ssse3, sse4.1, sse4.2, popcnt, avx, avx2, aes, clmul, erms, lzcnt, tsc, tscinvbit, bmi1, bmi2

Memory: 4k page, physical 8263696k(3485396k free), swap 12458000k(5057680k free)

vm_info: Java HotSpot(TM) Client VM (25.271-b09) for windows-x86 JRE (1.8.0_271-b09), built on Sep 17 2020 01:51:12 by "" with MS VC++ 15.9 (VS2017)

time: Fri May 21 11:46:30 2021
timezone: Hora de verano romance
elapsed time: 169.158095 seconds (0d 0h 2m 49s)

